{"/home/mahabub/microverse/proj/todo-test/src/modules/displayTask.js": {"path":"/home/mahabub/microverse/proj/todo-test/src/modules/displayTask.js","statementMap":{"0":{"start":{"line":1,"column":20},"end":{"line":17,"column":1}},"1":{"start":{"line":2,"column":18},"end":{"line":2,"column":20}},"2":{"start":{"line":3,"column":2},"end":{"line":15,"column":5}},"3":{"start":{"line":4,"column":21},"end":{"line":13,"column":5}},"4":{"start":{"line":14,"column":4},"end":{"line":14,"column":26}},"5":{"start":{"line":16,"column":2},"end":{"line":16,"column":34}}},"fnMap":{"0":{"name":"(anonymous_0)","decl":{"start":{"line":1,"column":20},"end":{"line":1,"column":21}},"loc":{"start":{"line":1,"column":42},"end":{"line":17,"column":1}},"line":1},"1":{"name":"(anonymous_1)","decl":{"start":{"line":3,"column":16},"end":{"line":3,"column":17}},"loc":{"start":{"line":3,"column":26},"end":{"line":15,"column":3}},"line":3}},"branchMap":{"0":{"loc":{"start":{"line":7,"column":13},"end":{"line":7,"column":44}},"type":"cond-expr","locations":[{"start":{"line":7,"column":30},"end":{"line":7,"column":39}},{"start":{"line":7,"column":42},"end":{"line":7,"column":44}}],"line":7}},"s":{"0":1,"1":0,"2":0,"3":0,"4":0,"5":0},"f":{"0":0,"1":0},"b":{"0":[0,0]},"_coverageSchema":"1a1c01bbd47fc00a2c39e90264f33305004495a9","hash":"904033169e41282684b06e157150378e9923181f"}
}
